1: Z 1: started
2: Z 2: started
3: Z 3: started
4: U 1: started
5: U 2: started
6: U 1: taking break
7: U 2: taking break
8: Z 1: entering office for a service 1
9: Z 1: called by office worker
10: U 1: break finished
11: U 1: serving a service of type 1
12: U 1: service finished
13: U 1: taking break
14: Z 3: entering office for a service 2
15: Z 3: called by office worker
16: Z 2: entering office for a service 3
17: Z 2: called by office worker
18: U 1: break finished
19: U 1: serving a service of type 3
20: U 2: break finished
21: U 2: serving a service of type 2
22: U 2: service finished
23: U 2: taking break
24: Z 2: called by office worker
25: closing
26: Z 3: going home
27: Z 2: going home
28: Z 1: going home
29: U 1: service finished
30: U 1: serving a service of type 2
31: U 1: service finished
32: U 1: serving a service of type 3
33: U 1: service finished
34: U 1: taking break
35: U 2: break finished
36: U 2: serving a service of type 1
37: U 2: service finished
38: U 2: going home
39: U 1: break finished
40: U 1: going home
